<?xml version="1.0" encoding="UTF-8"?>
<testsuite name="SwiftUIChallengeApp" tests="1" skipped="0" failures="0" errors="0"
    timestamp="2024-11-22T10:49:03" hostname="hostname" time="0.013">
    <properties />
    <testcase name="dummy test" classname="SwiftUIChallengeApp" time="0.0" />
    <system-out><![CDATA[]]></system-out>
    <system-err><![CDATA[]]></system-err>
</testsuite>